[ 2026-05-23T22:05:48+08:00 ][ info ] [ BEHAVIOR ] Run Closure @app_init [ RunTime:0.000111s ]
[ info ] [ LOG ] INIT File
info
[ 2026-05-23T22:05:48+08:00 ][ info ] [ CACHE ] INIT File
info
[ 2026-05-23T22:05:48+08:00 ][ info ] [ BEHAVIOR ] Run Closure @app_init [ RunTime:0.000836s ]
info
[ 2026-05-23T22:05:48+08:00 ][ info ] [ BEHAVIOR ] Run app\common\behavior\Common @app_init [ RunTime:0.000865s ]
info
[ 2026-05-23T22:05:48+08:00 ][ info ] [ DB ] INIT mysql
info
[ 2026-05-23T22:05:48+08:00 ][ info ] [ DB ] INIT mysql
info
[ 2026-05-23T22:05:48+08:00 ][ info ] [ BEHAVIOR ] Run Closure @app_init [ RunTime:0.000083s ]
[ info ] [ LOG ] INIT File
info
[ 2026-05-23T22:05:48+08:00 ][ info ] [ CACHE ] INIT File
info
[ 2026-05-23T22:05:48+08:00 ][ info ] [ BEHAVIOR ] Run Closure @app_init [ RunTime:0.000638s ]
info
[ 2026-05-23T22:05:48+08:00 ][ info ] [ BEHAVIOR ] Run app\common\behavior\Common @app_init [ RunTime:0.000685s ]
info
[ 2026-05-23T22:05:48+08:00 ][ info ] [ DB ] INIT mysql
info
[ 2026-05-23T22:05:48+08:00 ][ info ] [ DB ] INIT mysql
info
[ 2026-05-23T22:05:48+08:00 ][ info ] [ BEHAVIOR ] Run Closure @app_init [ RunTime:0.000080s ]
[ info ] [ LOG ] INIT File
info
[ 2026-05-23T22:05:48+08:00 ][ info ] [ CACHE ] INIT File
info
[ 2026-05-23T22:05:48+08:00 ][ info ] [ BEHAVIOR ] Run Closure @app_init [ RunTime:0.000624s ]
info
[ 2026-05-23T22:05:48+08:00 ][ info ] [ BEHAVIOR ] Run app\common\behavior\Common @app_init [ RunTime:0.000655s ]
info
[ 2026-05-23T22:05:48+08:00 ][ info ] [ DB ] INIT mysql
info
[ 2026-05-23T22:05:48+08:00 ][ info ] [ DB ] INIT mysql
info
[ 2026-05-23T22:05:48+08:00 ][ info ] [ BEHAVIOR ] Run Closure @app_init [ RunTime:0.000072s ]
[ info ] [ LOG ] INIT File
info
[ 2026-05-23T22:05:48+08:00 ][ info ] [ CACHE ] INIT File
info
[ 2026-05-23T22:05:48+08:00 ][ info ] [ BEHAVIOR ] Run Closure @app_init [ RunTime:0.000641s ]
info
[ 2026-05-23T22:05:48+08:00 ][ info ] [ BEHAVIOR ] Run app\common\behavior\Common @app_init [ RunTime:0.000663s ]
info
[ 2026-05-23T22:05:48+08:00 ][ info ] [ DB ] INIT mysql
info
[ 2026-05-23T22:06:16+08:00 ][ info ] [ BEHAVIOR ] Run Closure @app_init [ RunTime:0.000102s ]
[ info ] [ LOG ] INIT File
info
[ 2026-05-23T22:06:16+08:00 ][ info ] [ CACHE ] INIT File
info
[ 2026-05-23T22:06:16+08:00 ][ info ] [ BEHAVIOR ] Run Closure @app_init [ RunTime:0.000707s ]
info
[ 2026-05-23T22:06:16+08:00 ][ info ] [ BEHAVIOR ] Run app\common\behavior\Common @app_init [ RunTime:0.000885s ]
info
[ 2026-05-23T22:06:16+08:00 ][ info ] [ DB ] INIT mysql
info
[ 2026-05-23T22:08:51+08:00 ][ info ] [ BEHAVIOR ] Run Closure @app_init [ RunTime:0.000090s ]
[ info ] [ LOG ] INIT File
info
[ 2026-05-23T22:08:51+08:00 ][ info ] [ CACHE ] INIT File
info
[ 2026-05-23T22:08:51+08:00 ][ info ] [ BEHAVIOR ] Run Closure @app_init [ RunTime:0.000654s ]
info
[ 2026-05-23T22:08:51+08:00 ][ info ] [ BEHAVIOR ] Run app\common\behavior\Common @app_init [ RunTime:0.000717s ]
info
[ 2026-05-23T22:08:51+08:00 ][ info ] [ DB ] INIT mysql
info
[ 2026-05-23T22:08:57+08:00 ][ info ] [ BEHAVIOR ] Run Closure @app_init [ RunTime:0.000088s ]
[ info ] [ LOG ] INIT File
info
[ 2026-05-23T22:08:57+08:00 ][ info ] [ CACHE ] INIT File
info
[ 2026-05-23T22:08:57+08:00 ][ info ] [ BEHAVIOR ] Run Closure @app_init [ RunTime:0.000741s ]
info
[ 2026-05-23T22:08:57+08:00 ][ info ] [ BEHAVIOR ] Run app\common\behavior\Common @app_init [ RunTime:0.000869s ]
info
[ 2026-05-23T22:08:57+08:00 ][ info ] [ DB ] INIT mysql
info
[ 2026-05-23T22:08:57+08:00 ][ info ] [ LANG ] /www/wwwroot/jqr888.top/application/admin/lang/zh-cn.php
info
[ 2026-05-23T22:09:11+08:00 ][ info ] [ BEHAVIOR ] Run Closure @app_init [ RunTime:0.000089s ]
[ info ] [ LOG ] INIT File
info
[ 2026-05-23T22:09:11+08:00 ][ info ] [ CACHE ] INIT File
info
[ 2026-05-23T22:09:11+08:00 ][ info ] [ BEHAVIOR ] Run Closure @app_init [ RunTime:0.000655s ]
info
[ 2026-05-23T22:09:11+08:00 ][ info ] [ BEHAVIOR ] Run app\common\behavior\Common @app_init [ RunTime:0.000675s ]
info
[ 2026-05-23T22:09:11+08:00 ][ info ] [ DB ] INIT mysql
info
[ 2026-05-23T22:09:11+08:00 ][ info ] [ LANG ] /www/wwwroot/jqr888.top/application/admin/lang/zh-cn.php
info
[ 2026-05-23T22:09:33+08:00 ][ info ] [ BEHAVIOR ] Run Closure @app_init [ RunTime:0.000126s ]
[ info ] [ LOG ] INIT File
info
[ 2026-05-23T22:09:33+08:00 ][ info ] [ CACHE ] INIT File
info
[ 2026-05-23T22:09:33+08:00 ][ info ] [ BEHAVIOR ] Run Closure @app_init [ RunTime:0.000774s ]
info
[ 2026-05-23T22:09:33+08:00 ][ info ] [ BEHAVIOR ] Run app\common\behavior\Common @app_init [ RunTime:0.000852s ]
info
[ 2026-05-23T22:09:33+08:00 ][ info ] [ DB ] INIT mysql
info
[ 2026-05-23T22:09:33+08:00 ][ info ] [ LANG ] /www/wwwroot/jqr888.top/application/admin/lang/zh-cn.php
info
